start: 	Q1
accept: Q5
reject: rj
blank: _

Q1 0 -> Q2 0 ^
Q1 1 -> Q2 1 ^

Q2 0 -> Q2 0 >
Q2 1 -> Q2 1 >
Q2 + -> Q3 + >
Q2 2 -> Q2 2 >
Q2 3 -> Q2 3 >

Q3 0 -> Q3 0 >
Q3 1 -> Q3 1 >
Q3 _ -> Q4 _ <

Q4 0 -> Q9 _ <
Q4 1 -> Q6 _ <
Q4 + -> Q11 _ <

Q5 0 -> Q5 0 ^
Q5 1 -> Q5 1 ^

Q6 0 -> Q6 0 <
Q6 1 -> Q6 1 <
Q6 + -> Q7 + <

Q7 0 -> Q2 3 >
Q7 1 -> Q8 2 <
Q7 2 -> Q7 2 <
Q7 3 -> Q7 3 <
Q7 _ -> Q2 3 >

Q8 0 -> Q2 1 >
Q8 1 -> Q8 0 <
Q8 _ -> Q2 1 >

Q9 0 -> Q9 0 <
Q9 1 -> Q9 1 <
Q9 + -> Q10 + <

Q10 0 -> Q2 2 >
Q10 1 -> Q2 3 >
Q10 2 -> Q10 2 < 
Q10 3 -> Q10 3 < 
Q10 _ -> Q2 2 >

Q11 0 -> Q11 0 <
Q11 1 -> Q11 1 <
Q11 2 -> Q11 0 <
Q11 3 -> Q11 1 <
Q11 _ -> Q5 _ >
