1

S 1 -> GOTOEND 1 ^
S 0 -> GOTOEND 0 ^
S ( -> GOTOEND ( ^

GOTOEND ( -> GOTOEND ( >
GOTOEND ) -> GOTOEND ) >
GOTOEND 0 -> GOTOEND 0 >
GOTOEND 1 -> GOTOEND 1 >
GOTOEND a -> GOTOEND a >
GOTOEND o -> GOTOEND o >
GOTOEND _ -> RETURNTOBEGIN ) <

RETURNTOBEGIN ( -> RETURNTOBEGIN ( <
RETURNTOBEGIN ) -> RETURNTOBEGIN ) <
RETURNTOBEGIN 0 -> RETURNTOBEGIN 0 <
RETURNTOBEGIN 1 -> RETURNTOBEGIN 1 <
RETURNTOBEGIN a -> RETURNTOBEGIN a <
RETURNTOBEGIN o -> RETURNTOBEGIN o <
RETURNTOBEGIN _ -> ONSTART ( ^

ONSTART ( -> FINDEND S >

FINDEND ( -> FINDEND S >
FINDEND 1 -> FINDEND 1 >
FINDEND 0 -> FINDEND 0 > 
FINDEND a -> FINDEND a >
FINDEND o -> FINDEND o >
FINDEND B -> FINDEND B >
FINDEND ) -> FOUNDEND E <
FINDEND _ -> CLEANALL _ <


FOUNDEND B -> FOUNDEND B <
FOUNDEND 1 -> ONEBACK B <
FOUNDEND 0 -> ZEROBACK B <


ONEBACK a -> MULONEBACK B <
ONEBACK o -> ADDONEBACK o1 <
ONEBACK S -> ADDINGONE S >

ZEROBACK a -> MULZEROBACK B <
ZEROBACK o -> ADDZEROBACK o0 <
ZEROBACK S -> ADDINGZERO S >

MULONEBACK B -> MULONEBACK B <
MULONEBACK 1 -> ONEBACK B <
MULONEBACK 0 -> ZEROBACK B <

MULZEROBACK B -> MULZEROBACK B <
MULZEROBACK 1 -> ZEROBACK B <
MULZEROBACK 0 -> ZEROBACK B <

ADDONEBACK B ->  ADDONEBACK B <
ADDONEBACK 1 -> ONEBACK B <
ADDONEBACK 0 -> ZEROBACK B <

ADDZEROBACK B ->  ADDZEROBACK B <
ADDZEROBACK 1 -> ONEBACK B <
ADDZEROBACK 0 -> ZEROBACK B <

ADDINGONE E -> RETURNONE B <
ADDINGONE o1 -> ADDINGONE B >
ADDINGONE o0 -> ADDINGONE B >
ADDINGONE B -> ADDINGONE B >

ADDINGZERO E -> RETURNZERO B <
ADDINGZERO o0 -> ADDINGZERO B >
ADDINGZERO o1 -> ADDINGONE B >
ADDINGZERO B -> ADDINGZERO B >

RETURNZERO B -> RETURNZERO B <
RETURNZERO S -> FINDEND 0 >

RETURNONE B -> RETURNONE B <
RETURNONE S -> FINDEND 1 >

CLEANALL B -> CLEANALL _ <
CLEANALL 1 -> AC 1 ^
CLEANALL 0 -> AC 0 ^