start: 	S
accept: END
reject: R
blank: _

S 0 -> TOEND 0 >
S 1 -> TOEND 1 >

TOEND 1 -> TOEND 1 >
TOEND 0 -> TOEND 0 >
TOEND < -> TOEND < >
TOEND _ -> STARTCOMP _ <


STARTCOMP 0 -> FINDSYMB0 0D <
STARTCOMP 1 -> FINDSYMB1 1D <
STARTCOMP < -> RETURNTOBEGIN < <

FINDSYMB0 0 -> FINDSYMB0 0 <
FINDSYMB0 1 -> FINDSYMB0 1 <
FINDSYMB0 < -> FINDNUMBERA0 < <

FINDSYMB1 0 -> FINDSYMB1 0 <
FINDSYMB1 1 -> FINDSYMB1 1 <
FINDSYMB1 < -> FINDNUMBERA1 < <

FINDNUMBERA0 1G -> FINDNUMBERA0 1G <
FINDNUMBERA0 1S -> FINDNUMBERA0 1S <
FINDNUMBERA0 0S -> FINDNUMBERA0 0S <
FINDNUMBERA0 0L -> FINDNUMBERA0 0L <
FINDNUMBERA0 _ -> END _ ^
FINDNUMBERA0 1 -> FINDSYMB 1G >
FINDNUMBERA0 0 -> FINDSYMB 0S >

FINDNUMBERA1 1G -> FINDNUMBERA1 1G <
FINDNUMBERA1 1S -> FINDNUMBERA1 1S <
FINDNUMBERA1 0S -> FINDNUMBERA1 0S <
FINDNUMBERA1 0L -> FINDNUMBERA1 0L <
FINDNUMBERA1 _ -> END _ ^
FINDNUMBERA1 1 -> FINDSYMB 1S >
FINDNUMBERA1 0 -> FINDSYMB 0L >

FINDSYMB 1G -> FINDSYMB 1G >
FINDSYMB 1S -> FINDSYMB 1S >
FINDSYMB 0S -> FINDSYMB 0S >
FINDSYMB 0L -> FINDSYMB 0L >
FINDSYMB < -> FINDAFTERNUMBERB < >

FINDAFTERNUMBERB 0 -> FINDAFTERNUMBERB 0 >
FINDAFTERNUMBERB 1 -> FINDAFTERNUMBERB 1 >
FINDAFTERNUMBERB 0D -> STARTCOMP 0D <
FINDAFTERNUMBERB 1D -> STARTCOMP 1D <

RETURNTOBEGIN 1G -> RETURNTOBEGIN 1G <
RETURNTOBEGIN 1S -> RETURNTOBEGIN 1S <
RETURNTOBEGIN 0S -> RETURNTOBEGIN 0S <
RETURNTOBEGIN 0L -> RETURNTOBEGIN 0L <
RETURNTOBEGIN 1 -> RETURNTOBEGIN 1 <
RETURNTOBEGIN 0 -> RETURNTOBEGIN 0 <
RETURNTOBEGIN _ -> COMPARE _ >

COMPARE 1S -> COMPARE 1S >
COMPARE 0S -> COMPARE 0S >
COMPARE 0L -> END 0L ^
