1

S 1 -> findend 1 >
S 0 -> findend 0 >

findend 1 -> findend 1 >
findend 0 -> findend 0 > 
findend a -> findend a >
findend o -> findend o >
findend _ -> startfind _ <

startfind 1 -> AC 1 ^
startfind 0 -> AC 0 ^ 
startfind a -> findargs A <
startfind o -> findargs O <

findargs 1 -> returntofunc1 B >
findargs 0 -> returntofunc0 B >
findargs B -> findargs B <
findargs a -> findargs A <
findargs o -> findargs O <

returntofunc0 B -> returntofunc0 B >
returntofunc0 A -> findargs A0 <
returntofunc0 O -> findargs O0 <
returntofunc0 A1 -> returntofunc0 B >
returntofunc0 A0 -> returntofunc0 B >
returntofunc0 O1 -> returntofunc1 B >
returntofunc0 O0 -> returntofunc0 B >
returntofunc0 _ -> showres 0 <


returntofunc1 B -> returntofunc1 B >
returntofunc1 A -> findargs A1 <
returntofunc1 O -> findargs O1 <
returntofunc1 A1 -> returntofunc1 B >
returntofunc1 A0 -> returntofunc0 B >
returntofunc1 O1 -> returntofunc1 B >
returntofunc1 O0 -> returntofunc1 B >
returntofunc1 _ -> showres 1 <

showres B -> showres _ <
showres _ -> return _ >

return _ -> return _ >
return 1 -> AC 1 ^
return 0 -> AC 0 ^




