start: 	S
accept: END
reject: R
blank: _

S 0 -> C 0 ^
S 1 -> C 1 ^

N _ -> R _ ^
N 1 -> C 1 >
N 0 -> C 0 >

C 1 -> N 1 >
C 0 -> N 0 >
C _ -> RETURN _ <

RETURN 1 -> RETURN 1 <
RETURN 0 -> RETURN 0 <
RETURN _ -> SECONDPART _ >

SECONDPART 1 -> FINDB 1A >
SECONDPART 0 -> FINDB 0A >

FINDB 1 -> FINDB 1 >
FINDB 0 -> FINDB 0 >
FINDB 1B -> BACKONEB 1B <
FINDB 0B -> BACKONEB 0B <
FINDB _ -> BACKONEB _ <


BACKONEB 1 -> FINDA 1B <
BACKONEB 0 -> FINDA 0B <
BACKONEB 0A -> FOUNDMIDL 0A >
BACKONEB 1A -> FOUNDMIDL 1A >



FINDA 1 -> FINDA 1 <
FINDA 0 -> FINDA 0 <
FINDA 1A -> NEXTONEA 1A >
FINDA 0A -> NEXTONEA 0A >

NEXTONEA 1 -> FINDB 1A >
NEXTONEA 0 -> FINDB 0A >
NEXTONEA 1B -> FOUNDMIDL 1B ^
NEXTONEA 0B -> FOUNDMIDL 0B ^


FOUNDMIDL 1B -> CHECK1A 1D <
FOUNDMIDL 0B -> CHECK0A 0D <

CHECK0A 0A -> CHECK0A 0A <
CHECK0A 0D -> CHECK0A 0D <
CHECK0A 1A -> CHECK0A 1A <
CHECK0A 1D -> CHECK0A 1D <
CHECK0A 1C -> CHECKNEXT0A 1C >
CHECK0A 0C -> CHECKNEXT0A 0C >
CHECK0A _ -> CHECKNEXT0A _ >

CHECKNEXT0A 0A -> FINDNEXTBTOCHECK 0C >

CHECK1A 0A -> CHECK1A 0A <
CHECK1A 0D -> CHECK1A 0D <
CHECK1A 1A -> CHECK1A 1A <
CHECK1A 1D -> CHECK1A 1D <

CHECK1A 1C -> CHECKNEXT1A 1C >
CHECK1A 0C -> CHECKNEXT1A 0C >
CHECK1A _ -> CHECKNEXT1A _ >

CHECKNEXT1A 1A -> FINDNEXTBTOCHECK 1C >

FINDNEXTBTOCHECK 1A -> FINDNEXTBTOCHECK 1A >
FINDNEXTBTOCHECK 0A -> FINDNEXTBTOCHECK 0A >
FINDNEXTBTOCHECK 1D -> FINDNEXTBTOCHECK 1D >
FINDNEXTBTOCHECK 0D -> FINDNEXTBTOCHECK 0D >
FINDNEXTBTOCHECK 1B -> CHECK1A 1D <
FINDNEXTBTOCHECK 0B -> CHECK0A 0D <
FINDNEXTBTOCHECK _ -> END _ ^